{
  "stats": {
    "suites": 1,
    "tests": 3,
    "passes": 3,
    "pending": 0,
    "failures": 0,
    "start": "2023-10-16T04:04:37.727Z",
    "end": "2023-10-16T04:04:41.429Z",
    "duration": 3702,
    "testsRegistered": 3,
    "passPercent": 100,
    "pendingPercent": 0,
    "other": 0,
    "hasOther": false,
    "skipped": 0,
    "hasSkipped": false
  },
  "results": [
    {
      "uuid": "b3f35cbd-3d38-4210-b791-20018eb93810",
      "title": "",
      "fullFile": "cypress/tests/TC-001-HomePageHeaderAndFooter.js",
      "file": "cypress/tests/TC-001-HomePageHeaderAndFooter.js",
      "beforeHooks": [],
      "afterHooks": [],
      "tests": [],
      "suites": [
        {
          "uuid": "6bc8f787-9e13-4bfb-9c18-29cfefa50867",
          "title": "Mavis Hub Header And Footer",
          "fullFile": "",
          "file": "",
          "beforeHooks": [],
          "afterHooks": [],
          "tests": [
            {
              "title": "Verify Logo Mavis Hub",
              "fullTitle": "Mavis Hub Header And Footer Verify Logo Mavis Hub",
              "timedOut": null,
              "duration": 2396,
              "state": "passed",
              "speed": "fast",
              "pass": true,
              "fail": false,
              "pending": false,
              "context": null,
              "code": "mhMenu.logoMavisHub.should('be.visible');",
              "err": {},
              "uuid": "a33fa536-ba4e-491d-99ac-be86ca45ab40",
              "parentUUID": "6bc8f787-9e13-4bfb-9c18-29cfefa50867",
              "isHook": false,
              "skipped": false
            },
            {
              "title": "Header Menu",
              "fullTitle": "Mavis Hub Header And Footer Header Menu",
              "timedOut": null,
              "duration": 459,
              "state": "passed",
              "speed": "fast",
              "pass": true,
              "fail": false,
              "pending": false,
              "context": null,
              "code": "mhMenu.btnHome.should('be.visible');\nmhMenu.btnCommunity.should('be.visible');\nmhMenu.btnLogin.should('be.visible');",
              "err": {},
              "uuid": "442cdf7e-5ba1-4f7b-92d0-c0cae30a6663",
              "parentUUID": "6bc8f787-9e13-4bfb-9c18-29cfefa50867",
              "isHook": false,
              "skipped": false
            },
            {
              "title": "Footer Menu",
              "fullTitle": "Mavis Hub Header And Footer Footer Menu",
              "timedOut": null,
              "duration": 788,
              "state": "passed",
              "speed": "fast",
              "pass": true,
              "fail": false,
              "pending": false,
              "context": null,
              "code": "mhMenu.logoFooter.scrollIntoView().should('be.visible');\nmhMenu.signatureMH.should('contain.text', SIGNATURE);\nmhMenu.menuFooterDetail.then(menu => {\n  cy.wrap('').then(() => {\n    cy.log(JSON.stringify(menu));\n    expect(menu).to.be.deep.equal(_hrefdatafooter.default);\n  });\n});",
              "err": {},
              "uuid": "0f2add65-f4a1-44ed-80fe-6a21ce4081b5",
              "parentUUID": "6bc8f787-9e13-4bfb-9c18-29cfefa50867",
              "isHook": false,
              "skipped": false
            }
          ],
          "suites": [],
          "passes": [
            "a33fa536-ba4e-491d-99ac-be86ca45ab40",
            "442cdf7e-5ba1-4f7b-92d0-c0cae30a6663",
            "0f2add65-f4a1-44ed-80fe-6a21ce4081b5"
          ],
          "failures": [],
          "pending": [],
          "skipped": [],
          "duration": 3643,
          "root": false,
          "rootEmpty": false,
          "_timeout": 2000
        }
      ],
      "passes": [],
      "failures": [],
      "pending": [],
      "skipped": [],
      "duration": 0,
      "root": true,
      "rootEmpty": true,
      "_timeout": 2000
    }
  ],
  "meta": {
    "mocha": {
      "version": "7.0.1"
    },
    "mochawesome": {
      "options": {
        "quiet": false,
        "reportFilename": "mochawesome",
        "saveHtml": false,
        "saveJson": true,
        "consoleReporter": "spec",
        "useInlineDiffs": false,
        "code": true
      },
      "version": "7.1.3"
    },
    "marge": {
      "options": {
        "charts": true,
        "reportPageTitle": "Mavis Hub",
        "embeddedScreenshots": true,
        "inlineAssets": false,
        "saveAllAttempts": true,
        "autoOpen": true,
        "overwrite": false,
        "html": false,
        "json": true,
        "reportDir": "cypress/reports/html/.jsons"
      },
      "version": "6.2.0"
    }
  }
}