{
  "stats": {
    "suites": 1,
    "tests": 18,
    "passes": 18,
    "pending": 0,
    "failures": 0,
    "start": "2023-10-16T04:04:42.403Z",
    "end": "2023-10-16T04:06:22.555Z",
    "duration": 100152,
    "testsRegistered": 18,
    "passPercent": 100,
    "pendingPercent": 0,
    "other": 0,
    "hasOther": false,
    "skipped": 0,
    "hasSkipped": false
  },
  "results": [
    {
      "uuid": "9f064e3c-98ec-443d-9df5-af05fa8338da",
      "title": "",
      "fullFile": "cypress/tests/TC-002-MavisHubHomePage.js",
      "file": "cypress/tests/TC-002-MavisHubHomePage.js",
      "beforeHooks": [],
      "afterHooks": [],
      "tests": [],
      "suites": [
        {
          "uuid": "805e4508-fd13-44f9-8d78-57bb7b92a242",
          "title": "Mavis Hub Home Page",
          "fullFile": "",
          "file": "",
          "beforeHooks": [],
          "afterHooks": [],
          "tests": [
            {
              "title": "Login Page:",
              "fullTitle": "Mavis Hub Home Page Login Page:",
              "timedOut": null,
              "duration": 7449,
              "state": "passed",
              "speed": "medium",
              "pass": true,
              "fail": false,
              "pending": false,
              "context": null,
              "code": "cy.wait(5000);\nmhHomePage.checkAccountLoginSuccess.should(\"be.visible\");\ncy.title().should(\"eq\", \"Mavis Hub\");",
              "err": {},
              "uuid": "2fda7d89-01ba-4ca4-add8-e8f70ca72c6c",
              "parentUUID": "805e4508-fd13-44f9-8d78-57bb7b92a242",
              "isHook": false,
              "skipped": false
            },
            {
              "title": "Switched To Game Page",
              "fullTitle": "Mavis Hub Home Page Switched To Game Page",
              "timedOut": null,
              "duration": 3434,
              "state": "passed",
              "speed": "fast",
              "pass": true,
              "fail": false,
              "pending": false,
              "context": null,
              "code": "mhHomePage.btnHome.trigger(\"mouseover\");\nmhHomePage.btnDiscover.click({\n  force: true,\n  waitForAnimations: true\n});\ncy.title().should(\"eq\", \"Browse Game - Mavis Hub\");\ncy.url().should(\"include\", \"/games\");\nmhHomePage.dotBlue.should(\"be.visible\");\ncy.wait(2000);\ncardGame.getAllCardGame().then(cardData => {\n  cy.wrap(\"\").then(() => {\n    cy.log(JSON.stringify(cardData));\n    cy.writeFile(\"cypress/jsonfile/cardgame.json\", cardData);\n  });\n});",
              "err": {},
              "uuid": "fb7dc782-79dc-479c-8124-8409a1aa02ca",
              "parentUUID": "805e4508-fd13-44f9-8d78-57bb7b92a242",
              "isHook": false,
              "skipped": false
            },
            {
              "title": "View All Game With Button Browse All Genres",
              "fullTitle": "Mavis Hub Home Page View All Game With Button Browse All Genres",
              "timedOut": null,
              "duration": 1791,
              "state": "passed",
              "speed": "fast",
              "pass": true,
              "fail": false,
              "pending": false,
              "context": null,
              "code": "mhHomePage.searchBtnAllGenres.click({\n  force: true,\n  waitForAnimations: true\n});\ncy.url().should(\"include\", \"/games\");\nmhHomePage.dotBlue.should(\"be.visible\");\n(0, _Expected.verifyHomePage)();",
              "err": {},
              "uuid": "18a4b945-5f99-4a20-a374-1e0932a6bbb1",
              "parentUUID": "805e4508-fd13-44f9-8d78-57bb7b92a242",
              "isHook": false,
              "skipped": false
            },
            {
              "title": "Search Popular Genres With Early Access",
              "fullTitle": "Mavis Hub Home Page Search Popular Genres With Early Access",
              "timedOut": null,
              "duration": 2818,
              "state": "passed",
              "speed": "fast",
              "pass": true,
              "fail": false,
              "pending": false,
              "context": null,
              "code": "mhHomePage.searchBtnEarlyAccess.should(\"be.visible\").click({\n  force: true,\n  waitForAnimations: true\n});\nmhHomePage.checkBoxEarlyAccess.should(\"be.checked\");\ncy.url().should(\"include\", \"/games?genre=%5B%22early-access%22%5D\");\n(0, _Expected.verifyHomePage)();",
              "err": {},
              "uuid": "8addd301-2c57-4727-b34f-45114f1bc047",
              "parentUUID": "805e4508-fd13-44f9-8d78-57bb7b92a242",
              "isHook": false,
              "skipped": false
            },
            {
              "title": "Search Popular Genres With Turn Based",
              "fullTitle": "Mavis Hub Home Page Search Popular Genres With Turn Based",
              "timedOut": null,
              "duration": 2933,
              "state": "passed",
              "speed": "fast",
              "pass": true,
              "fail": false,
              "pending": false,
              "context": null,
              "code": "mhHomePage.searchBtnTurnBased.should(\"be.visible\").click({\n  force: true,\n  waitForAnimations: true\n});\nmhHomePage.checkBoxTurnBased.should(\"be.checked\");\ncy.url().should(\"include\", \"/games?genre=%5B%22turn-based%22%5D\");\n(0, _Expected.verifyHomePage)();",
              "err": {},
              "uuid": "c7155be8-c695-4238-b4d0-34106d9e276d",
              "parentUUID": "805e4508-fd13-44f9-8d78-57bb7b92a242",
              "isHook": false,
              "skipped": false
            },
            {
              "title": "Search Popular Genres With Strategy",
              "fullTitle": "Mavis Hub Home Page Search Popular Genres With Strategy",
              "timedOut": null,
              "duration": 2215,
              "state": "passed",
              "speed": "fast",
              "pass": true,
              "fail": false,
              "pending": false,
              "context": null,
              "code": "mhHomePage.searchBtnStrategy.should(\"be.visible\").click({\n  force: true,\n  waitForAnimations: true\n});\nmhHomePage.checkBoxStrategy.should(\"be.checked\");\ncy.url().should(\"include\", \"/games?genre=%5B%22strategy%22%5D\");\n(0, _Expected.verifyHomePage)();",
              "err": {},
              "uuid": "0a4b6cb4-ed68-4e6f-830e-41d98504813d",
              "parentUUID": "805e4508-fd13-44f9-8d78-57bb7b92a242",
              "isHook": false,
              "skipped": false
            },
            {
              "title": "Search Popular Genres With Adventure",
              "fullTitle": "Mavis Hub Home Page Search Popular Genres With Adventure",
              "timedOut": null,
              "duration": 3203,
              "state": "passed",
              "speed": "fast",
              "pass": true,
              "fail": false,
              "pending": false,
              "context": null,
              "code": "mhHomePage.searchBtnAdvenrure.should(\"be.visible\").click({\n  force: true,\n  waitForAnimations: true\n});\nmhHomePage.checkBoxAdventure.should(\"be.checked\");\ncy.url().should(\"include\", \"/games?genre=%5B%22adventure%22%5D\");\n(0, _Expected.verifyHomePage)();",
              "err": {},
              "uuid": "02982f40-a96e-4af8-a250-e9dc158c4122",
              "parentUUID": "805e4508-fd13-44f9-8d78-57bb7b92a242",
              "isHook": false,
              "skipped": false
            },
            {
              "title": "Search Popular Genres With RPG",
              "fullTitle": "Mavis Hub Home Page Search Popular Genres With RPG",
              "timedOut": null,
              "duration": 4144,
              "state": "passed",
              "speed": "fast",
              "pass": true,
              "fail": false,
              "pending": false,
              "context": null,
              "code": "mhHomePage.searchBtnRPG.should(\"be.visible\").click({\n  force: true,\n  waitForAnimations: true\n});\nmhHomePage.checkBoxRPG.should(\"be.checked\");\ncy.url().should(\"include\", \"/games?genre=%5B%22rpg%22%5D\");\n(0, _Expected.verifyHomePage)();",
              "err": {},
              "uuid": "787b7a86-d0f6-4c65-834a-268df787c3d3",
              "parentUUID": "805e4508-fd13-44f9-8d78-57bb7b92a242",
              "isHook": false,
              "skipped": false
            },
            {
              "title": "Search Popular Genres With Action-RPG",
              "fullTitle": "Mavis Hub Home Page Search Popular Genres With Action-RPG",
              "timedOut": null,
              "duration": 3041,
              "state": "passed",
              "speed": "fast",
              "pass": true,
              "fail": false,
              "pending": false,
              "context": null,
              "code": "mhHomePage.searchBtnActionRPG.should(\"be.visible\").click({\n  force: true,\n  waitForAnimations: true\n});\nmhHomePage.checkBoxActionRPG.should(\"be.checked\");\ncy.url().should(\"include\", \"/games?genre=%5B%22action-rpg%22%5D\");\n(0, _Expected.verifyHomePage)();",
              "err": {},
              "uuid": "de00fdac-edc5-4334-b76f-dc9f90cb78aa",
              "parentUUID": "805e4508-fd13-44f9-8d78-57bb7b92a242",
              "isHook": false,
              "skipped": false
            },
            {
              "title": "Search Popular Genres With MOBA",
              "fullTitle": "Mavis Hub Home Page Search Popular Genres With MOBA",
              "timedOut": null,
              "duration": 2857,
              "state": "passed",
              "speed": "fast",
              "pass": true,
              "fail": false,
              "pending": false,
              "context": null,
              "code": "mhHomePage.searchBtnMOBA.should(\"be.visible\").click({\n  force: true,\n  waitForAnimations: true\n});\nmhHomePage.checkBoxMOBA.should(\"be.checked\");\ncy.url().should(\"include\", \"/games?genre=%5B%22moba%22%5D\");\n(0, _Expected.verifyHomePage)();",
              "err": {},
              "uuid": "f9ad873d-4bef-4378-959d-01e43b24066e",
              "parentUUID": "805e4508-fd13-44f9-8d78-57bb7b92a242",
              "isHook": false,
              "skipped": false
            },
            {
              "title": "Search Popular Genres With Puzzle",
              "fullTitle": "Mavis Hub Home Page Search Popular Genres With Puzzle",
              "timedOut": null,
              "duration": 7684,
              "state": "passed",
              "speed": "medium",
              "pass": true,
              "fail": false,
              "pending": false,
              "context": null,
              "code": "mhHomePage.searchBtnPuzzle.scrollIntoView().should(\"be.visible\");\ncy.wait(5000);\nmhHomePage.searchBtnPuzzle.should(\"be.visible\").click({\n  force: true,\n  waitForAnimations: true\n});\nmhHomePage.checkBoxPuzzle.should(\"be.checked\");\ncy.url().should(\"include\", \"/games?genre=%5B%22puzzle%22%5D\");\n(0, _Expected.verifyHomePage)();",
              "err": {},
              "uuid": "e81118ab-ba3b-43ee-bb21-50286e90a86e",
              "parentUUID": "805e4508-fd13-44f9-8d78-57bb7b92a242",
              "isHook": false,
              "skipped": false
            },
            {
              "title": "Search Popular Genres With Hypercasual",
              "fullTitle": "Mavis Hub Home Page Search Popular Genres With Hypercasual",
              "timedOut": null,
              "duration": 7973,
              "state": "passed",
              "speed": "medium",
              "pass": true,
              "fail": false,
              "pending": false,
              "context": null,
              "code": "mhHomePage.searchBtnHypercasual.scrollIntoView().should(\"be.visible\");\ncy.wait(5000);\nmhHomePage.searchBtnHypercasual.should(\"be.visible\").click({\n  force: true,\n  waitForAnimations: true\n});\nmhHomePage.checkBoxHypercasual.should(\"be.checked\");\ncy.url().should(\"include\", \"/games?genre=%5B%22hypercasual%22%5D\");\n(0, _Expected.verifyHomePage)();",
              "err": {},
              "uuid": "ab8c30b9-6fb5-46cc-84a9-83d744e82e45",
              "parentUUID": "805e4508-fd13-44f9-8d78-57bb7b92a242",
              "isHook": false,
              "skipped": false
            },
            {
              "title": "Search Popular Genres With Sports",
              "fullTitle": "Mavis Hub Home Page Search Popular Genres With Sports",
              "timedOut": null,
              "duration": 8148,
              "state": "passed",
              "speed": "medium",
              "pass": true,
              "fail": false,
              "pending": false,
              "context": null,
              "code": "mhHomePage.searchBtnSports.scrollIntoView().should(\"be.visible\");\ncy.wait(5000);\nmhHomePage.searchBtnSports.should(\"be.visible\").click({\n  force: true,\n  waitForAnimations: true\n});\nmhHomePage.checkBoxSports.should(\"be.checked\");\ncy.url().should(\"include\", \"/games?genre=%5B%22sports%22%5D\");\n(0, _Expected.verifyHomePage)();",
              "err": {},
              "uuid": "e2c68f5d-6236-4ec7-bba3-0ac439f46306",
              "parentUUID": "805e4508-fd13-44f9-8d78-57bb7b92a242",
              "isHook": false,
              "skipped": false
            },
            {
              "title": "Search Popular Genres With Fighting",
              "fullTitle": "Mavis Hub Home Page Search Popular Genres With Fighting",
              "timedOut": null,
              "duration": 11956,
              "state": "passed",
              "speed": "slow",
              "pass": true,
              "fail": false,
              "pending": false,
              "context": null,
              "code": "mhHomePage.searchBtnFighting.scrollIntoView().should(\"be.visible\");\ncy.wait(5000);\nmhHomePage.searchBtnFighting.should(\"be.visible\").click({\n  force: true,\n  waitForAnimations: true\n});\nmhHomePage.checkBoxFighting.should(\"be.checked\");\ncy.url().should(\"include\", \"/games?genre=%5B%22fighting%22%5D\");\n(0, _Expected.verifyHomePage)();",
              "err": {},
              "uuid": "cf847326-57c2-4216-86de-c5253771e53b",
              "parentUUID": "805e4508-fd13-44f9-8d78-57bb7b92a242",
              "isHook": false,
              "skipped": false
            },
            {
              "title": "Search Popular Genres With Simulation",
              "fullTitle": "Mavis Hub Home Page Search Popular Genres With Simulation",
              "timedOut": null,
              "duration": 8193,
              "state": "passed",
              "speed": "medium",
              "pass": true,
              "fail": false,
              "pending": false,
              "context": null,
              "code": "mhHomePage.searchBtnSimulation.scrollIntoView().should(\"be.visible\");\ncy.wait(5000);\nmhHomePage.searchBtnSimulation.should(\"be.visible\").click({\n  force: true,\n  waitForAnimations: true\n});\nmhHomePage.checkBoxSimulation.should(\"be.checked\");\ncy.url().should(\"include\", \"/games?genre=%5B%22simulation%22%5D\");\n(0, _Expected.verifyHomePage)();",
              "err": {},
              "uuid": "85b41a3c-01bd-4c6d-9cbd-f56ec70d630a",
              "parentUUID": "805e4508-fd13-44f9-8d78-57bb7b92a242",
              "isHook": false,
              "skipped": false
            },
            {
              "title": "Search Popular Genres With Survival",
              "fullTitle": "Mavis Hub Home Page Search Popular Genres With Survival",
              "timedOut": null,
              "duration": 8621,
              "state": "passed",
              "speed": "medium",
              "pass": true,
              "fail": false,
              "pending": false,
              "context": null,
              "code": "mhHomePage.searchBtnSurvival.scrollIntoView().should(\"be.visible\");\ncy.wait(5000);\nmhHomePage.searchBtnSurvival.should(\"be.visible\").click({\n  force: true,\n  waitForAnimations: true\n});\nmhHomePage.checkBoxSurvival.should(\"be.checked\");\ncy.url().should(\"include\", \"/games?genre=%5B%22survival%22%5D\");\n(0, _Expected.verifyHomePage)();",
              "err": {},
              "uuid": "270ccd4a-bf2a-46f3-8175-fbed45f23a27",
              "parentUUID": "805e4508-fd13-44f9-8d78-57bb7b92a242",
              "isHook": false,
              "skipped": false
            },
            {
              "title": "Search Popular Genres With Build Battle",
              "fullTitle": "Mavis Hub Home Page Search Popular Genres With Build Battle",
              "timedOut": null,
              "duration": 8340,
              "state": "passed",
              "speed": "medium",
              "pass": true,
              "fail": false,
              "pending": false,
              "context": null,
              "code": "mhHomePage.searchBtnBuildBattle.scrollIntoView().should(\"be.visible\");\ncy.wait(5000);\nmhHomePage.searchBtnBuildBattle.should(\"be.visible\").click({\n  force: true,\n  waitForAnimations: true\n});\nmhHomePage.checkBoxBuildBattle.should(\"be.checked\");\ncy.url().should(\"include\", \"/games?genre=%5B%22build-and-battle%22%5D\");\n(0, _Expected.verifyHomePage)();",
              "err": {},
              "uuid": "ffca9f01-10be-427e-8fc5-667f7d0c367e",
              "parentUUID": "805e4508-fd13-44f9-8d78-57bb7b92a242",
              "isHook": false,
              "skipped": false
            },
            {
              "title": "Verify Button Start Voting Now! On Banner Greenlight",
              "fullTitle": "Mavis Hub Home Page Verify Button Start Voting Now! On Banner Greenlight",
              "timedOut": null,
              "duration": 4774,
              "state": "passed",
              "speed": "fast",
              "pass": true,
              "fail": false,
              "pending": false,
              "context": null,
              "code": "mhHomePage.btnStartVotingNow.scrollIntoView().should(\"be.visible\");\ncy.wait(2000);\nmhHomePage.btnStartVotingNow.should(\"be.visible\").click({\n  force: true,\n  waitForAnimations: true\n});\ncy.title().should(\"eq\", \"Greenlight - Mavis Hub\");\ncy.url().should(\"include\", \"/greenlight\");",
              "err": {},
              "uuid": "4febcd96-7f8d-4722-b48a-3a4bc6e27016",
              "parentUUID": "805e4508-fd13-44f9-8d78-57bb7b92a242",
              "isHook": false,
              "skipped": false
            }
          ],
          "suites": [],
          "passes": [
            "2fda7d89-01ba-4ca4-add8-e8f70ca72c6c",
            "fb7dc782-79dc-479c-8124-8409a1aa02ca",
            "18a4b945-5f99-4a20-a374-1e0932a6bbb1",
            "8addd301-2c57-4727-b34f-45114f1bc047",
            "c7155be8-c695-4238-b4d0-34106d9e276d",
            "0a4b6cb4-ed68-4e6f-830e-41d98504813d",
            "02982f40-a96e-4af8-a250-e9dc158c4122",
            "787b7a86-d0f6-4c65-834a-268df787c3d3",
            "de00fdac-edc5-4334-b76f-dc9f90cb78aa",
            "f9ad873d-4bef-4378-959d-01e43b24066e",
            "e81118ab-ba3b-43ee-bb21-50286e90a86e",
            "ab8c30b9-6fb5-46cc-84a9-83d744e82e45",
            "e2c68f5d-6236-4ec7-bba3-0ac439f46306",
            "cf847326-57c2-4216-86de-c5253771e53b",
            "85b41a3c-01bd-4c6d-9cbd-f56ec70d630a",
            "270ccd4a-bf2a-46f3-8175-fbed45f23a27",
            "ffca9f01-10be-427e-8fc5-667f7d0c367e",
            "4febcd96-7f8d-4722-b48a-3a4bc6e27016"
          ],
          "failures": [],
          "pending": [],
          "skipped": [],
          "duration": 99574,
          "root": false,
          "rootEmpty": false,
          "_timeout": 2000
        }
      ],
      "passes": [],
      "failures": [],
      "pending": [],
      "skipped": [],
      "duration": 0,
      "root": true,
      "rootEmpty": true,
      "_timeout": 2000
    }
  ],
  "meta": {
    "mocha": {
      "version": "7.0.1"
    },
    "mochawesome": {
      "options": {
        "quiet": false,
        "reportFilename": "mochawesome",
        "saveHtml": false,
        "saveJson": true,
        "consoleReporter": "spec",
        "useInlineDiffs": false,
        "code": true
      },
      "version": "7.1.3"
    },
    "marge": {
      "options": {
        "charts": true,
        "reportPageTitle": "Mavis Hub",
        "embeddedScreenshots": true,
        "inlineAssets": false,
        "saveAllAttempts": true,
        "autoOpen": true,
        "overwrite": false,
        "html": false,
        "json": true,
        "reportDir": "cypress/reports/html/.jsons"
      },
      "version": "6.2.0"
    }
  }
}