{
  "stats": {
    "suites": 1,
    "tests": 9,
    "passes": 1,
    "pending": 0,
    "failures": 8,
    "start": "2023-10-16T04:06:23.584Z",
    "end": "2023-10-16T04:07:32.506Z",
    "duration": 68922,
    "testsRegistered": 24,
    "passPercent": 4.166666666666666,
    "pendingPercent": 0,
    "other": 0,
    "hasOther": false,
    "skipped": 15,
    "hasSkipped": true
  },
  "results": [
    {
      "uuid": "e3ac1b0a-3ddf-438c-b11d-309930ab8e41",
      "title": "",
      "fullFile": "cypress/tests/TC-003-MavisHubBrowsePage.js",
      "file": "cypress/tests/TC-003-MavisHubBrowsePage.js",
      "beforeHooks": [],
      "afterHooks": [],
      "tests": [],
      "suites": [
        {
          "uuid": "d809466a-cd97-4b2b-8687-ff6f2535611f",
          "title": "Mavis Hub Browse Page",
          "fullFile": "",
          "file": "",
          "beforeHooks": [],
          "afterHooks": [],
          "tests": [
            {
              "title": "Verify All Game Card In Browse",
              "fullTitle": "Mavis Hub Browse Page Verify All Game Card In Browse",
              "timedOut": null,
              "duration": 5981,
              "state": "passed",
              "speed": "medium",
              "pass": true,
              "fail": false,
              "pending": false,
              "context": null,
              "code": "cy.title().should(\"eq\", \"Browse Game - Mavis Hub\");\nmhHomePage.dotBlue.should(\"be.visible\");\ncy.wait(5000);\ncardGame.getAllCardGame().then(cardData => {\n  cy.wrap(\"\").then(() => {\n    cy.log(JSON.stringify(cardData));\n    expect(cardData).to.be.deep.equal(_cardgame.default);\n  });\n});",
              "err": {},
              "uuid": "2cd40545-c942-4b52-a725-a9353bf96434",
              "parentUUID": "d809466a-cd97-4b2b-8687-ff6f2535611f",
              "isHook": false,
              "skipped": false
            },
            {
              "title": "Filter Game With Partnership: Sky Mavis Games",
              "fullTitle": "Mavis Hub Browse Page Filter Game With Partnership: Sky Mavis Games",
              "timedOut": null,
              "duration": 7201,
              "state": "failed",
              "speed": null,
              "pass": false,
              "fail": true,
              "pending": false,
              "context": "{\n  \"title\": \"cypress-mochawesome-reporter-screenshots\",\n  \"value\": [\n    [\n      \"/TC-003-MavisHubBrowsePage.js/Mavis Hub Browse Page -- Filter Game With Partnership Sky Mavis Games (failed).png\"\n    ]\n  ]\n}",
              "code": "mhBrowsePage.checkBoxSkyMavisGames.click({\n  force: true,\n  waitForAnimations: true,\n  wait: 5000\n}).should(\"be.checked\");\ncy.url().should(\"include\", \"/games?partnershipType=%5B%22sky-mavis%22%5D\");\ncy.visit(urlMH + \"games?partnershipType=%5B%22sky-mavis%22%5D\");\n(0, _MavisHubBrowsePage.verifyResult)();",
              "err": {
                "message": "CypressError: Timed out retrying after 5000ms: `cy.wait()` timed out waiting `5000ms` for the 1st request to the route: `res`. No request ever occurred.\n\nhttps://on.cypress.io/wait",
                "estack": "CypressError: Timed out retrying after 5000ms: `cy.wait()` timed out waiting `5000ms` for the 1st request to the route: `res`. No request ever occurred.\n\nhttps://on.cypress.io/wait\n    at cypressErr (https://hub.skymavis.com/__cypress/runner/cypress_runner.js:75008:18)\n    at Object.errByPath (https://hub.skymavis.com/__cypress/runner/cypress_runner.js:75063:10)\n    at checkForXhr (https://hub.skymavis.com/__cypress/runner/cypress_runner.js:135520:84)\n    at <unknown> (https://hub.skymavis.com/__cypress/runner/cypress_runner.js:135543:28)\n    at tryCatcher (https://hub.skymavis.com/__cypress/runner/cypress_runner.js:1807:23)\n    at Promise.attempt.Promise.try (https://hub.skymavis.com/__cypress/runner/cypress_runner.js:4315:29)\n    at whenStable (https://hub.skymavis.com/__cypress/runner/cypress_runner.js:143908:68)\n    at <unknown> (https://hub.skymavis.com/__cypress/runner/cypress_runner.js:143849:14)\n    at tryCatcher (https://hub.skymavis.com/__cypress/runner/cypress_runner.js:1807:23)\n    at Promise._settlePromiseFromHandler (https://hub.skymavis.com/__cypress/runner/cypress_runner.js:1519:31)\n    at Promise._settlePromise (https://hub.skymavis.com/__cypress/runner/cypress_runner.js:1576:18)\n    at Promise._settlePromise0 (https://hub.skymavis.com/__cypress/runner/cypress_runner.js:1621:10)\n    at Promise._settlePromises (https://hub.skymavis.com/__cypress/runner/cypress_runner.js:1701:18)\n    at Promise._fulfill (https://hub.skymavis.com/__cypress/runner/cypress_runner.js:1645:18)\n    at <unknown> (https://hub.skymavis.com/__cypress/runner/cypress_runner.js:5450:46)\nFrom Your Spec Code:\n    at verifyResult (webpack://mavishub-web/./cypress/models/pages/MavisHubBrowsePage.js:13:5)\n    at Context.eval (webpack://mavishub-web/./cypress/tests/TC-003-MavisHubBrowsePage.js:34:17)",
                "diff": null
              },
              "uuid": "184b4099-91dd-4ebf-89cf-12a8503c5d86",
              "parentUUID": "d809466a-cd97-4b2b-8687-ff6f2535611f",
              "isHook": false,
              "skipped": false
            },
            {
              "title": "Filter Game With Partnership: Axie Builder Program",
              "fullTitle": "Mavis Hub Browse Page Filter Game With Partnership: Axie Builder Program",
              "timedOut": null,
              "duration": 7289,
              "state": "failed",
              "speed": null,
              "pass": false,
              "fail": true,
              "pending": false,
              "context": "{\n  \"title\": \"cypress-mochawesome-reporter-screenshots\",\n  \"value\": [\n    [\n      \"/TC-003-MavisHubBrowsePage.js/Mavis Hub Browse Page -- Filter Game With Partnership Axie Builder Program (failed).png\"\n    ]\n  ]\n}",
              "code": "mhBrowsePage.checkBoxAxieBuilderProgram.click({\n  force: true,\n  waitForAnimations: true,\n  wait: 5000\n}).should(\"be.checked\");\ncy.url().should(\"include\", \"/games?partnershipType=%5B%22axie-builder-program%22%5D\");\ncy.visit(urlMH + \"games?partnershipType=%5B%22axie-builder-program%22%5D\");\n(0, _MavisHubBrowsePage.verifyResult)();",
              "err": {
                "message": "CypressError: Timed out retrying after 5000ms: `cy.wait()` timed out waiting `5000ms` for the 1st request to the route: `res`. No request ever occurred.\n\nhttps://on.cypress.io/wait",
                "estack": "CypressError: Timed out retrying after 5000ms: `cy.wait()` timed out waiting `5000ms` for the 1st request to the route: `res`. No request ever occurred.\n\nhttps://on.cypress.io/wait\n    at cypressErr (https://hub.skymavis.com/__cypress/runner/cypress_runner.js:75008:18)\n    at Object.errByPath (https://hub.skymavis.com/__cypress/runner/cypress_runner.js:75063:10)\n    at checkForXhr (https://hub.skymavis.com/__cypress/runner/cypress_runner.js:135520:84)\n    at <unknown> (https://hub.skymavis.com/__cypress/runner/cypress_runner.js:135543:28)\n    at tryCatcher (https://hub.skymavis.com/__cypress/runner/cypress_runner.js:1807:23)\n    at Promise.attempt.Promise.try (https://hub.skymavis.com/__cypress/runner/cypress_runner.js:4315:29)\n    at whenStable (https://hub.skymavis.com/__cypress/runner/cypress_runner.js:143908:68)\n    at <unknown> (https://hub.skymavis.com/__cypress/runner/cypress_runner.js:143849:14)\n    at tryCatcher (https://hub.skymavis.com/__cypress/runner/cypress_runner.js:1807:23)\n    at Promise._settlePromiseFromHandler (https://hub.skymavis.com/__cypress/runner/cypress_runner.js:1519:31)\n    at Promise._settlePromise (https://hub.skymavis.com/__cypress/runner/cypress_runner.js:1576:18)\n    at Promise._settlePromise0 (https://hub.skymavis.com/__cypress/runner/cypress_runner.js:1621:10)\n    at Promise._settlePromises (https://hub.skymavis.com/__cypress/runner/cypress_runner.js:1701:18)\n    at Promise._fulfill (https://hub.skymavis.com/__cypress/runner/cypress_runner.js:1645:18)\n    at <unknown> (https://hub.skymavis.com/__cypress/runner/cypress_runner.js:5450:46)\nFrom Your Spec Code:\n    at verifyResult (webpack://mavishub-web/./cypress/models/pages/MavisHubBrowsePage.js:13:5)\n    at Context.eval (webpack://mavishub-web/./cypress/tests/TC-003-MavisHubBrowsePage.js:46:17)",
                "diff": null
              },
              "uuid": "a18dd441-3fad-4f42-b65d-64e172a13594",
              "parentUUID": "d809466a-cd97-4b2b-8687-ff6f2535611f",
              "isHook": false,
              "skipped": false
            },
            {
              "title": "Filter Game With Partnership: Studio Partnership",
              "fullTitle": "Mavis Hub Browse Page Filter Game With Partnership: Studio Partnership",
              "timedOut": null,
              "duration": 7397,
              "state": "failed",
              "speed": null,
              "pass": false,
              "fail": true,
              "pending": false,
              "context": "{\n  \"title\": \"cypress-mochawesome-reporter-screenshots\",\n  \"value\": [\n    [\n      \"/TC-003-MavisHubBrowsePage.js/Mavis Hub Browse Page -- Filter Game With Partnership Studio Partnership (failed).png\"\n    ]\n  ]\n}",
              "code": "mhBrowsePage.checkBoxStudioPartnership.click({\n  force: true,\n  waitForAnimations: true,\n  wait: 5000\n}).should(\"be.checked\");\ncy.url().should(\"include\", \"/games?partnershipType=%5B%22partner-studio%22%5D\");\ncy.visit(urlMH + \"games?partnershipType=%5B%22partner-studio%22%5D\");\n(0, _MavisHubBrowsePage.verifyResult)();",
              "err": {
                "message": "CypressError: Timed out retrying after 5000ms: `cy.wait()` timed out waiting `5000ms` for the 1st request to the route: `res`. No request ever occurred.\n\nhttps://on.cypress.io/wait",
                "estack": "CypressError: Timed out retrying after 5000ms: `cy.wait()` timed out waiting `5000ms` for the 1st request to the route: `res`. No request ever occurred.\n\nhttps://on.cypress.io/wait\n    at cypressErr (https://hub.skymavis.com/__cypress/runner/cypress_runner.js:75008:18)\n    at Object.errByPath (https://hub.skymavis.com/__cypress/runner/cypress_runner.js:75063:10)\n    at checkForXhr (https://hub.skymavis.com/__cypress/runner/cypress_runner.js:135520:84)\n    at <unknown> (https://hub.skymavis.com/__cypress/runner/cypress_runner.js:135543:28)\n    at tryCatcher (https://hub.skymavis.com/__cypress/runner/cypress_runner.js:1807:23)\n    at Promise.attempt.Promise.try (https://hub.skymavis.com/__cypress/runner/cypress_runner.js:4315:29)\n    at whenStable (https://hub.skymavis.com/__cypress/runner/cypress_runner.js:143908:68)\n    at <unknown> (https://hub.skymavis.com/__cypress/runner/cypress_runner.js:143849:14)\n    at tryCatcher (https://hub.skymavis.com/__cypress/runner/cypress_runner.js:1807:23)\n    at Promise._settlePromiseFromHandler (https://hub.skymavis.com/__cypress/runner/cypress_runner.js:1519:31)\n    at Promise._settlePromise (https://hub.skymavis.com/__cypress/runner/cypress_runner.js:1576:18)\n    at Promise._settlePromise0 (https://hub.skymavis.com/__cypress/runner/cypress_runner.js:1621:10)\n    at Promise._settlePromises (https://hub.skymavis.com/__cypress/runner/cypress_runner.js:1701:18)\n    at Promise._fulfill (https://hub.skymavis.com/__cypress/runner/cypress_runner.js:1645:18)\n    at <unknown> (https://hub.skymavis.com/__cypress/runner/cypress_runner.js:5450:46)\nFrom Your Spec Code:\n    at verifyResult (webpack://mavishub-web/./cypress/models/pages/MavisHubBrowsePage.js:13:5)\n    at Context.eval (webpack://mavishub-web/./cypress/tests/TC-003-MavisHubBrowsePage.js:58:17)",
                "diff": null
              },
              "uuid": "6fbee5e9-0f0a-4fe9-a8dd-dc3386cea24a",
              "parentUUID": "d809466a-cd97-4b2b-8687-ff6f2535611f",
              "isHook": false,
              "skipped": false
            },
            {
              "title": "Filter Game With Partnership: Community Developer",
              "fullTitle": "Mavis Hub Browse Page Filter Game With Partnership: Community Developer",
              "timedOut": null,
              "duration": 6825,
              "state": "failed",
              "speed": null,
              "pass": false,
              "fail": true,
              "pending": false,
              "context": "{\n  \"title\": \"cypress-mochawesome-reporter-screenshots\",\n  \"value\": [\n    [\n      \"/TC-003-MavisHubBrowsePage.js/Mavis Hub Browse Page -- Filter Game With Partnership Community Developer (failed).png\"\n    ]\n  ]\n}",
              "code": "mhBrowsePage.checkBoxCommunityDeveloper.click({\n  force: true,\n  waitForAnimations: true,\n  wait: 5000\n}).should(\"be.checked\");\ncy.url().should(\"include\", \"/games?partnershipType=%5B%22community-developer%22%5D\");\ncy.visit(urlMH + \"games?partnershipType=%5B%22community-developer%22%5D\");\n(0, _MavisHubBrowsePage.verifyResult)();",
              "err": {
                "message": "CypressError: Timed out retrying after 5000ms: `cy.wait()` timed out waiting `5000ms` for the 1st request to the route: `res`. No request ever occurred.\n\nhttps://on.cypress.io/wait",
                "estack": "CypressError: Timed out retrying after 5000ms: `cy.wait()` timed out waiting `5000ms` for the 1st request to the route: `res`. No request ever occurred.\n\nhttps://on.cypress.io/wait\n    at cypressErr (https://hub.skymavis.com/__cypress/runner/cypress_runner.js:75008:18)\n    at Object.errByPath (https://hub.skymavis.com/__cypress/runner/cypress_runner.js:75063:10)\n    at checkForXhr (https://hub.skymavis.com/__cypress/runner/cypress_runner.js:135520:84)\n    at <unknown> (https://hub.skymavis.com/__cypress/runner/cypress_runner.js:135543:28)\n    at tryCatcher (https://hub.skymavis.com/__cypress/runner/cypress_runner.js:1807:23)\n    at Promise.attempt.Promise.try (https://hub.skymavis.com/__cypress/runner/cypress_runner.js:4315:29)\n    at whenStable (https://hub.skymavis.com/__cypress/runner/cypress_runner.js:143908:68)\n    at <unknown> (https://hub.skymavis.com/__cypress/runner/cypress_runner.js:143849:14)\n    at tryCatcher (https://hub.skymavis.com/__cypress/runner/cypress_runner.js:1807:23)\n    at Promise._settlePromiseFromHandler (https://hub.skymavis.com/__cypress/runner/cypress_runner.js:1519:31)\n    at Promise._settlePromise (https://hub.skymavis.com/__cypress/runner/cypress_runner.js:1576:18)\n    at Promise._settlePromise0 (https://hub.skymavis.com/__cypress/runner/cypress_runner.js:1621:10)\n    at Promise._settlePromises (https://hub.skymavis.com/__cypress/runner/cypress_runner.js:1701:18)\n    at Promise._fulfill (https://hub.skymavis.com/__cypress/runner/cypress_runner.js:1645:18)\n    at <unknown> (https://hub.skymavis.com/__cypress/runner/cypress_runner.js:5450:46)\nFrom Your Spec Code:\n    at verifyResult (webpack://mavishub-web/./cypress/models/pages/MavisHubBrowsePage.js:13:5)\n    at Context.eval (webpack://mavishub-web/./cypress/tests/TC-003-MavisHubBrowsePage.js:70:17)",
                "diff": null
              },
              "uuid": "3acc6acd-7d85-4ba3-8891-7ccf388015b4",
              "parentUUID": "d809466a-cd97-4b2b-8687-ff6f2535611f",
              "isHook": false,
              "skipped": false
            },
            {
              "title": "Filter Game With Game Genre: Ealy Access",
              "fullTitle": "Mavis Hub Browse Page Filter Game With Game Genre: Ealy Access",
              "timedOut": null,
              "duration": 7027,
              "state": "failed",
              "speed": null,
              "pass": false,
              "fail": true,
              "pending": false,
              "context": "{\n  \"title\": \"cypress-mochawesome-reporter-screenshots\",\n  \"value\": [\n    [\n      \"/TC-003-MavisHubBrowsePage.js/Mavis Hub Browse Page -- Filter Game With Game Genre Ealy Access (failed).png\"\n    ]\n  ]\n}",
              "code": "mhHomePage.checkBoxEarlyAccess.click({\n  force: true,\n  waitForAnimations: true,\n  wait: 5000\n}).should(\"be.checked\");\ncy.url().should(\"include\", \"/games?genre=%5B%22early-access%22%5D\");\ncy.visit(urlMH + \"games?genre=%5B%22early-access%22%5D\");\n(0, _MavisHubBrowsePage.verifyResult)();",
              "err": {
                "message": "CypressError: Timed out retrying after 5000ms: `cy.wait()` timed out waiting `5000ms` for the 1st request to the route: `res`. No request ever occurred.\n\nhttps://on.cypress.io/wait",
                "estack": "CypressError: Timed out retrying after 5000ms: `cy.wait()` timed out waiting `5000ms` for the 1st request to the route: `res`. No request ever occurred.\n\nhttps://on.cypress.io/wait\n    at cypressErr (https://hub.skymavis.com/__cypress/runner/cypress_runner.js:75008:18)\n    at Object.errByPath (https://hub.skymavis.com/__cypress/runner/cypress_runner.js:75063:10)\n    at checkForXhr (https://hub.skymavis.com/__cypress/runner/cypress_runner.js:135520:84)\n    at <unknown> (https://hub.skymavis.com/__cypress/runner/cypress_runner.js:135543:28)\n    at tryCatcher (https://hub.skymavis.com/__cypress/runner/cypress_runner.js:1807:23)\n    at Promise.attempt.Promise.try (https://hub.skymavis.com/__cypress/runner/cypress_runner.js:4315:29)\n    at whenStable (https://hub.skymavis.com/__cypress/runner/cypress_runner.js:143908:68)\n    at <unknown> (https://hub.skymavis.com/__cypress/runner/cypress_runner.js:143849:14)\n    at tryCatcher (https://hub.skymavis.com/__cypress/runner/cypress_runner.js:1807:23)\n    at Promise._settlePromiseFromHandler (https://hub.skymavis.com/__cypress/runner/cypress_runner.js:1519:31)\n    at Promise._settlePromise (https://hub.skymavis.com/__cypress/runner/cypress_runner.js:1576:18)\n    at Promise._settlePromise0 (https://hub.skymavis.com/__cypress/runner/cypress_runner.js:1621:10)\n    at Promise._settlePromises (https://hub.skymavis.com/__cypress/runner/cypress_runner.js:1701:18)\n    at Promise._fulfill (https://hub.skymavis.com/__cypress/runner/cypress_runner.js:1645:18)\n    at <unknown> (https://hub.skymavis.com/__cypress/runner/cypress_runner.js:5450:46)\nFrom Your Spec Code:\n    at verifyResult (webpack://mavishub-web/./cypress/models/pages/MavisHubBrowsePage.js:13:5)\n    at Context.eval (webpack://mavishub-web/./cypress/tests/TC-003-MavisHubBrowsePage.js:80:17)",
                "diff": null
              },
              "uuid": "03c84f01-8a6b-4c94-a393-852d61f019bc",
              "parentUUID": "d809466a-cd97-4b2b-8687-ff6f2535611f",
              "isHook": false,
              "skipped": false
            },
            {
              "title": "Filter Game With Game Genre: Turn Based",
              "fullTitle": "Mavis Hub Browse Page Filter Game With Game Genre: Turn Based",
              "timedOut": null,
              "duration": 6829,
              "state": "failed",
              "speed": null,
              "pass": false,
              "fail": true,
              "pending": false,
              "context": "{\n  \"title\": \"cypress-mochawesome-reporter-screenshots\",\n  \"value\": [\n    [\n      \"/TC-003-MavisHubBrowsePage.js/Mavis Hub Browse Page -- Filter Game With Game Genre Turn Based (failed).png\"\n    ]\n  ]\n}",
              "code": "mhHomePage.checkBoxTurnBased.click({\n  force: true,\n  waitForAnimations: true,\n  wait: 5000\n}).should(\"be.checked\");\ncy.url().should(\"include\", \"/games?genre=%5B%22turn-based%22%5D\");\ncy.visit(urlMH + \"games?genre=%5B%22turn-based%22%5D\");\n(0, _MavisHubBrowsePage.verifyResult)();",
              "err": {
                "message": "CypressError: Timed out retrying after 5000ms: `cy.wait()` timed out waiting `5000ms` for the 1st request to the route: `res`. No request ever occurred.\n\nhttps://on.cypress.io/wait",
                "estack": "CypressError: Timed out retrying after 5000ms: `cy.wait()` timed out waiting `5000ms` for the 1st request to the route: `res`. No request ever occurred.\n\nhttps://on.cypress.io/wait\n    at cypressErr (https://hub.skymavis.com/__cypress/runner/cypress_runner.js:75008:18)\n    at Object.errByPath (https://hub.skymavis.com/__cypress/runner/cypress_runner.js:75063:10)\n    at checkForXhr (https://hub.skymavis.com/__cypress/runner/cypress_runner.js:135520:84)\n    at <unknown> (https://hub.skymavis.com/__cypress/runner/cypress_runner.js:135543:28)\n    at tryCatcher (https://hub.skymavis.com/__cypress/runner/cypress_runner.js:1807:23)\n    at Promise.attempt.Promise.try (https://hub.skymavis.com/__cypress/runner/cypress_runner.js:4315:29)\n    at whenStable (https://hub.skymavis.com/__cypress/runner/cypress_runner.js:143908:68)\n    at <unknown> (https://hub.skymavis.com/__cypress/runner/cypress_runner.js:143849:14)\n    at tryCatcher (https://hub.skymavis.com/__cypress/runner/cypress_runner.js:1807:23)\n    at Promise._settlePromiseFromHandler (https://hub.skymavis.com/__cypress/runner/cypress_runner.js:1519:31)\n    at Promise._settlePromise (https://hub.skymavis.com/__cypress/runner/cypress_runner.js:1576:18)\n    at Promise._settlePromise0 (https://hub.skymavis.com/__cypress/runner/cypress_runner.js:1621:10)\n    at Promise._settlePromises (https://hub.skymavis.com/__cypress/runner/cypress_runner.js:1701:18)\n    at Promise._fulfill (https://hub.skymavis.com/__cypress/runner/cypress_runner.js:1645:18)\n    at <unknown> (https://hub.skymavis.com/__cypress/runner/cypress_runner.js:5450:46)\nFrom Your Spec Code:\n    at verifyResult (webpack://mavishub-web/./cypress/models/pages/MavisHubBrowsePage.js:13:5)\n    at Context.eval (webpack://mavishub-web/./cypress/tests/TC-003-MavisHubBrowsePage.js:90:17)",
                "diff": null
              },
              "uuid": "5624d6f9-a19d-47ec-b89d-90e965457610",
              "parentUUID": "d809466a-cd97-4b2b-8687-ff6f2535611f",
              "isHook": false,
              "skipped": false
            },
            {
              "title": "Filter Game With Game Genre: Strategy",
              "fullTitle": "Mavis Hub Browse Page Filter Game With Game Genre: Strategy",
              "timedOut": null,
              "duration": 7050,
              "state": "failed",
              "speed": null,
              "pass": false,
              "fail": true,
              "pending": false,
              "context": "{\n  \"title\": \"cypress-mochawesome-reporter-screenshots\",\n  \"value\": [\n    [\n      \"/TC-003-MavisHubBrowsePage.js/Mavis Hub Browse Page -- Filter Game With Game Genre Strategy (failed).png\"\n    ]\n  ]\n}",
              "code": "mhHomePage.checkBoxStrategy.click({\n  force: true,\n  waitForAnimations: true,\n  wait: 5000\n}).should(\"be.checked\");\ncy.url().should(\"include\", \"/games?genre=%5B%22strategy%22%5D\");\ncy.visit(urlMH + \"games?genre=%5B%22strategy%22%5D\");\n(0, _MavisHubBrowsePage.verifyResult)();",
              "err": {
                "message": "CypressError: Timed out retrying after 5000ms: `cy.wait()` timed out waiting `5000ms` for the 1st request to the route: `res`. No request ever occurred.\n\nhttps://on.cypress.io/wait",
                "estack": "CypressError: Timed out retrying after 5000ms: `cy.wait()` timed out waiting `5000ms` for the 1st request to the route: `res`. No request ever occurred.\n\nhttps://on.cypress.io/wait\n    at cypressErr (https://hub.skymavis.com/__cypress/runner/cypress_runner.js:75008:18)\n    at Object.errByPath (https://hub.skymavis.com/__cypress/runner/cypress_runner.js:75063:10)\n    at checkForXhr (https://hub.skymavis.com/__cypress/runner/cypress_runner.js:135520:84)\n    at <unknown> (https://hub.skymavis.com/__cypress/runner/cypress_runner.js:135543:28)\n    at tryCatcher (https://hub.skymavis.com/__cypress/runner/cypress_runner.js:1807:23)\n    at Promise.attempt.Promise.try (https://hub.skymavis.com/__cypress/runner/cypress_runner.js:4315:29)\n    at whenStable (https://hub.skymavis.com/__cypress/runner/cypress_runner.js:143908:68)\n    at <unknown> (https://hub.skymavis.com/__cypress/runner/cypress_runner.js:143849:14)\n    at tryCatcher (https://hub.skymavis.com/__cypress/runner/cypress_runner.js:1807:23)\n    at Promise._settlePromiseFromHandler (https://hub.skymavis.com/__cypress/runner/cypress_runner.js:1519:31)\n    at Promise._settlePromise (https://hub.skymavis.com/__cypress/runner/cypress_runner.js:1576:18)\n    at Promise._settlePromise0 (https://hub.skymavis.com/__cypress/runner/cypress_runner.js:1621:10)\n    at Promise._settlePromises (https://hub.skymavis.com/__cypress/runner/cypress_runner.js:1701:18)\n    at Promise._fulfill (https://hub.skymavis.com/__cypress/runner/cypress_runner.js:1645:18)\n    at <unknown> (https://hub.skymavis.com/__cypress/runner/cypress_runner.js:5450:46)\nFrom Your Spec Code:\n    at verifyResult (webpack://mavishub-web/./cypress/models/pages/MavisHubBrowsePage.js:13:5)\n    at Context.eval (webpack://mavishub-web/./cypress/tests/TC-003-MavisHubBrowsePage.js:100:17)",
                "diff": null
              },
              "uuid": "7319d90a-e99a-4d55-b8fe-58c2399eb89f",
              "parentUUID": "d809466a-cd97-4b2b-8687-ff6f2535611f",
              "isHook": false,
              "skipped": false
            },
            {
              "title": "Filter Game With Game Genre: Adventure",
              "fullTitle": "Mavis Hub Browse Page Filter Game With Game Genre: Adventure",
              "timedOut": null,
              "duration": 7208,
              "state": "failed",
              "speed": null,
              "pass": false,
              "fail": true,
              "pending": false,
              "context": "{\n  \"title\": \"cypress-mochawesome-reporter-screenshots\",\n  \"value\": [\n    [\n      \"/TC-003-MavisHubBrowsePage.js/Mavis Hub Browse Page -- Filter Game With Game Genre Adventure (failed).png\"\n    ]\n  ]\n}",
              "code": "mhHomePage.checkBoxAdventure.click({\n  force: true,\n  waitForAnimations: true,\n  wait: 5000\n}).should(\"be.checked\");\ncy.url().should(\"include\", \"/games?genre=%5B%22adventure%22%5D\");\ncy.visit(urlMH + \"games?genre=%5B%22adventure%22%5D\");\n(0, _MavisHubBrowsePage.verifyResult)();",
              "err": {
                "message": "CypressError: Timed out retrying after 5000ms: `cy.wait()` timed out waiting `5000ms` for the 1st request to the route: `res`. No request ever occurred.\n\nhttps://on.cypress.io/wait",
                "estack": "CypressError: Timed out retrying after 5000ms: `cy.wait()` timed out waiting `5000ms` for the 1st request to the route: `res`. No request ever occurred.\n\nhttps://on.cypress.io/wait\n    at cypressErr (https://hub.skymavis.com/__cypress/runner/cypress_runner.js:75008:18)\n    at Object.errByPath (https://hub.skymavis.com/__cypress/runner/cypress_runner.js:75063:10)\n    at checkForXhr (https://hub.skymavis.com/__cypress/runner/cypress_runner.js:135520:84)\n    at <unknown> (https://hub.skymavis.com/__cypress/runner/cypress_runner.js:135543:28)\n    at tryCatcher (https://hub.skymavis.com/__cypress/runner/cypress_runner.js:1807:23)\n    at Promise.attempt.Promise.try (https://hub.skymavis.com/__cypress/runner/cypress_runner.js:4315:29)\n    at whenStable (https://hub.skymavis.com/__cypress/runner/cypress_runner.js:143908:68)\n    at <unknown> (https://hub.skymavis.com/__cypress/runner/cypress_runner.js:143849:14)\n    at tryCatcher (https://hub.skymavis.com/__cypress/runner/cypress_runner.js:1807:23)\n    at Promise._settlePromiseFromHandler (https://hub.skymavis.com/__cypress/runner/cypress_runner.js:1519:31)\n    at Promise._settlePromise (https://hub.skymavis.com/__cypress/runner/cypress_runner.js:1576:18)\n    at Promise._settlePromise0 (https://hub.skymavis.com/__cypress/runner/cypress_runner.js:1621:10)\n    at Promise._settlePromises (https://hub.skymavis.com/__cypress/runner/cypress_runner.js:1701:18)\n    at Promise._fulfill (https://hub.skymavis.com/__cypress/runner/cypress_runner.js:1645:18)\n    at <unknown> (https://hub.skymavis.com/__cypress/runner/cypress_runner.js:5450:46)\nFrom Your Spec Code:\n    at verifyResult (webpack://mavishub-web/./cypress/models/pages/MavisHubBrowsePage.js:13:5)\n    at Context.eval (webpack://mavishub-web/./cypress/tests/TC-003-MavisHubBrowsePage.js:110:17)",
                "diff": null
              },
              "uuid": "dedb547e-3e98-48cd-a0f0-ebe10a40c14b",
              "parentUUID": "d809466a-cd97-4b2b-8687-ff6f2535611f",
              "isHook": false,
              "skipped": false
            },
            {
              "title": "Filter Game With Game Genre: RPG",
              "fullTitle": "Mavis Hub Browse Page Filter Game With Game Genre: RPG",
              "timedOut": null,
              "duration": 0,
              "state": "skipped",
              "speed": null,
              "pass": false,
              "fail": false,
              "pending": false,
              "context": null,
              "code": "mhHomePage.checkBoxRPG.click({\n  force: true,\n  waitForAnimations: true,\n  wait: 5000\n}).should(\"be.checked\");\ncy.url().should(\"include\", \"/games?genre=%5B%22rpg%22%5D\");\ncy.visit(urlMH + \"games?genre=%5B%22rpg%22%5D\");\n(0, _MavisHubBrowsePage.verifyResult)();",
              "err": {},
              "uuid": "a96b66a1-edd9-4491-995f-a0cbe277a423",
              "parentUUID": "d809466a-cd97-4b2b-8687-ff6f2535611f",
              "isHook": false,
              "skipped": true
            },
            {
              "title": "Filter Game With Game Genre: Action RPG",
              "fullTitle": "Mavis Hub Browse Page Filter Game With Game Genre: Action RPG",
              "timedOut": null,
              "duration": 0,
              "state": "skipped",
              "speed": null,
              "pass": false,
              "fail": false,
              "pending": false,
              "context": null,
              "code": "mhHomePage.checkBoxActionRPG.click({\n  force: true,\n  waitForAnimations: true,\n  wait: 5000\n}).should(\"be.checked\");\ncy.url().should(\"include\", \"/games?genre=%5B%22action-rpg%22%5D\");\ncy.visit(urlMH + \"games?genre=%5B%22action-rpg%22%5D\");\n(0, _MavisHubBrowsePage.verifyResult)();",
              "err": {},
              "uuid": "d0d5cd09-d956-427f-aa92-e7db81a8623d",
              "parentUUID": "d809466a-cd97-4b2b-8687-ff6f2535611f",
              "isHook": false,
              "skipped": true
            },
            {
              "title": "Filter Game With Game Genre: MOBA",
              "fullTitle": "Mavis Hub Browse Page Filter Game With Game Genre: MOBA",
              "timedOut": null,
              "duration": 0,
              "state": "skipped",
              "speed": null,
              "pass": false,
              "fail": false,
              "pending": false,
              "context": null,
              "code": "mhHomePage.checkBoxMOBA.click({\n  force: true,\n  waitForAnimations: true,\n  wait: 5000\n}).should(\"be.checked\");\ncy.url().should(\"include\", \"/games?genre=%5B%22moba%22%5D\");\ncy.visit(urlMH + \"games?genre=%5B%22moba%22%5D\");\n(0, _MavisHubBrowsePage.verifyResult)();",
              "err": {},
              "uuid": "0534dffa-0373-4885-a7ce-f0b9fbe4ff60",
              "parentUUID": "d809466a-cd97-4b2b-8687-ff6f2535611f",
              "isHook": false,
              "skipped": true
            },
            {
              "title": "Filter Game With Game Genre: Puzzle",
              "fullTitle": "Mavis Hub Browse Page Filter Game With Game Genre: Puzzle",
              "timedOut": null,
              "duration": 0,
              "state": "skipped",
              "speed": null,
              "pass": false,
              "fail": false,
              "pending": false,
              "context": null,
              "code": "mhHomePage.checkBoxPuzzle.click({\n  force: true,\n  waitForAnimations: true,\n  wait: 5000\n}).should(\"be.checked\");\ncy.url().should(\"include\", \"/games?genre=%5B%22puzzle%22%5D\");\ncy.visit(urlMH + \"games?genre=%5B%22puzzle%22%5D\");\n(0, _MavisHubBrowsePage.verifyResult)();",
              "err": {},
              "uuid": "055e000e-5352-4527-9c35-1c5f1c0eee4f",
              "parentUUID": "d809466a-cd97-4b2b-8687-ff6f2535611f",
              "isHook": false,
              "skipped": true
            },
            {
              "title": "Filter Game With Game Genre: Hypercasual",
              "fullTitle": "Mavis Hub Browse Page Filter Game With Game Genre: Hypercasual",
              "timedOut": null,
              "duration": 0,
              "state": "skipped",
              "speed": null,
              "pass": false,
              "fail": false,
              "pending": false,
              "context": null,
              "code": "mhHomePage.checkBoxHypercasual.click({\n  force: true,\n  waitForAnimations: true,\n  wait: 5000\n}).should(\"be.checked\");\ncy.url().should(\"include\", \"/games?genre=%5B%22hypercasual%22%5D\");\ncy.visit(urlMH + \"games?genre=%5B%22hypercasual%22%5D\");\n(0, _MavisHubBrowsePage.verifyResult)();",
              "err": {},
              "uuid": "6ab22303-0c3e-465f-a995-937e76ae0967",
              "parentUUID": "d809466a-cd97-4b2b-8687-ff6f2535611f",
              "isHook": false,
              "skipped": true
            },
            {
              "title": "Filter Game With Game Genre: Sports",
              "fullTitle": "Mavis Hub Browse Page Filter Game With Game Genre: Sports",
              "timedOut": null,
              "duration": 0,
              "state": "skipped",
              "speed": null,
              "pass": false,
              "fail": false,
              "pending": false,
              "context": null,
              "code": "mhHomePage.checkBoxSports.click({\n  force: true,\n  waitForAnimations: true,\n  wait: 5000\n}).should(\"be.checked\");\ncy.url().should(\"include\", \"/games?genre=%5B%22sports%22%5D\");\ncy.visit(urlMH + \"games?genre=%5B%22sports%22%5D\");\n(0, _MavisHubBrowsePage.verifyResult)();",
              "err": {},
              "uuid": "7a3dcc7f-2eb5-4612-a4bf-1b52935f4089",
              "parentUUID": "d809466a-cd97-4b2b-8687-ff6f2535611f",
              "isHook": false,
              "skipped": true
            },
            {
              "title": "Filter Game With Game Genre: Fighting",
              "fullTitle": "Mavis Hub Browse Page Filter Game With Game Genre: Fighting",
              "timedOut": null,
              "duration": 0,
              "state": "skipped",
              "speed": null,
              "pass": false,
              "fail": false,
              "pending": false,
              "context": null,
              "code": "mhHomePage.checkBoxFighting.click({\n  force: true,\n  waitForAnimations: true,\n  wait: 5000\n}).should(\"be.checked\");\ncy.url().should(\"include\", \"/games?genre=%5B%22fighting%22%5D\");\ncy.visit(urlMH + \"games?genre=%5B%22fighting%22%5D\");\n(0, _MavisHubBrowsePage.verifyResult)();",
              "err": {},
              "uuid": "a70b08f9-a3d3-45d5-a520-9b9d047c7940",
              "parentUUID": "d809466a-cd97-4b2b-8687-ff6f2535611f",
              "isHook": false,
              "skipped": true
            },
            {
              "title": "Filter Game With Game Genre: Simulation",
              "fullTitle": "Mavis Hub Browse Page Filter Game With Game Genre: Simulation",
              "timedOut": null,
              "duration": 0,
              "state": "skipped",
              "speed": null,
              "pass": false,
              "fail": false,
              "pending": false,
              "context": null,
              "code": "mhHomePage.checkBoxSimulation.click({\n  force: true,\n  waitForAnimations: true,\n  wait: 5000\n}).should(\"be.checked\");\ncy.url().should(\"include\", \"/games?genre=%5B%22simulation%22%5D\");\ncy.visit(urlMH + \"games?genre=%5B%22simulation%22%5D\");\n(0, _MavisHubBrowsePage.verifyResult)();",
              "err": {},
              "uuid": "3beebdc3-b29b-4419-a8ca-77db0695d529",
              "parentUUID": "d809466a-cd97-4b2b-8687-ff6f2535611f",
              "isHook": false,
              "skipped": true
            },
            {
              "title": "Filter Game With Game Genre: Survival",
              "fullTitle": "Mavis Hub Browse Page Filter Game With Game Genre: Survival",
              "timedOut": null,
              "duration": 0,
              "state": "skipped",
              "speed": null,
              "pass": false,
              "fail": false,
              "pending": false,
              "context": null,
              "code": "mhHomePage.checkBoxSurvival.click({\n  force: true,\n  waitForAnimations: true,\n  wait: 5000\n}).should(\"be.checked\");\ncy.url().should(\"include\", \"/games?genre=%5B%22survival%22%5D\");\ncy.visit(urlMH + \"games?genre=%5B%22survival%22%5D\");\n(0, _MavisHubBrowsePage.verifyResult)();",
              "err": {},
              "uuid": "75c45922-78fd-4587-b9e8-c48dbb0fed8d",
              "parentUUID": "d809466a-cd97-4b2b-8687-ff6f2535611f",
              "isHook": false,
              "skipped": true
            },
            {
              "title": "Filter Game With Game Genre: Build and Battle",
              "fullTitle": "Mavis Hub Browse Page Filter Game With Game Genre: Build and Battle",
              "timedOut": null,
              "duration": 0,
              "state": "skipped",
              "speed": null,
              "pass": false,
              "fail": false,
              "pending": false,
              "context": null,
              "code": "mhHomePage.checkBoxBuildBattle.click({\n  force: true,\n  waitForAnimations: true,\n  wait: 5000\n}).should(\"be.checked\");\ncy.url().should(\"include\", \"/games?genre=%5B%22build-and-battle%22%5D\");\ncy.visit(urlMH + \"games?genre=%5B%22build-and-battle%22%5D\");\n(0, _MavisHubBrowsePage.verifyResult)();",
              "err": {},
              "uuid": "252b5ff9-94ca-42f2-82b1-2d69fa4e1bee",
              "parentUUID": "d809466a-cd97-4b2b-8687-ff6f2535611f",
              "isHook": false,
              "skipped": true
            },
            {
              "title": "Filter Game With Platform: Windows",
              "fullTitle": "Mavis Hub Browse Page Filter Game With Platform: Windows",
              "timedOut": null,
              "duration": 0,
              "state": "skipped",
              "speed": null,
              "pass": false,
              "fail": false,
              "pending": false,
              "context": null,
              "code": "mhBrowsePage.checkBoxPlatformWindows.click({\n  force: true,\n  waitForAnimations: true,\n  wait: 5000\n}).should(\"be.checked\");\ncy.url().should(\"include\", \"/games?platform=%5B%22windows%22%5D\");\ncy.visit(urlMH + \"games?platform=%5B%22windows%22%5D\");\n(0, _MavisHubBrowsePage.verifyResult)();",
              "err": {},
              "uuid": "a32076dc-42b3-4b1e-8659-81806979eff8",
              "parentUUID": "d809466a-cd97-4b2b-8687-ff6f2535611f",
              "isHook": false,
              "skipped": true
            },
            {
              "title": "Filter Game With Platform: MacOS",
              "fullTitle": "Mavis Hub Browse Page Filter Game With Platform: MacOS",
              "timedOut": null,
              "duration": 0,
              "state": "skipped",
              "speed": null,
              "pass": false,
              "fail": false,
              "pending": false,
              "context": null,
              "code": "mhBrowsePage.checkBoxPlatformMacOS.click({\n  force: true,\n  waitForAnimations: true,\n  wait: 5000\n}).should(\"be.checked\");\ncy.url().should(\"include\", \"/games?platform=%5B%22macos%22%5D\");\ncy.visit(urlMH + \"games?platform=%5B%22macos%22%5D\");\n(0, _MavisHubBrowsePage.verifyResult)();",
              "err": {},
              "uuid": "e6e11d0e-7378-444b-984c-b572bec1118e",
              "parentUUID": "d809466a-cd97-4b2b-8687-ff6f2535611f",
              "isHook": false,
              "skipped": true
            },
            {
              "title": "Filter Game With Platform: Android",
              "fullTitle": "Mavis Hub Browse Page Filter Game With Platform: Android",
              "timedOut": null,
              "duration": 0,
              "state": "skipped",
              "speed": null,
              "pass": false,
              "fail": false,
              "pending": false,
              "context": null,
              "code": "mhBrowsePage.checkBoxPlatformAndroid.click({\n  force: true,\n  waitForAnimations: true,\n  wait: 5000\n}).should(\"be.checked\");\ncy.url().should(\"include\", \"/games?platform=%5B%22android%22%5D\");\ncy.visit(urlMH + \"games?platform=%5B%22android%22%5D\");\n(0, _MavisHubBrowsePage.verifyResult)();",
              "err": {},
              "uuid": "e4593681-3414-4fad-aa23-52e6f391545c",
              "parentUUID": "d809466a-cd97-4b2b-8687-ff6f2535611f",
              "isHook": false,
              "skipped": true
            },
            {
              "title": "Filter Game With Platform: IOS",
              "fullTitle": "Mavis Hub Browse Page Filter Game With Platform: IOS",
              "timedOut": null,
              "duration": 0,
              "state": "skipped",
              "speed": null,
              "pass": false,
              "fail": false,
              "pending": false,
              "context": null,
              "code": "mhBrowsePage.checkBoxPlatformIOS.click({\n  force: true,\n  waitForAnimations: true,\n  wait: 5000\n}).should(\"be.checked\");\ncy.url().should(\"include\", \"/games?platform=%5B%22ios%22%5D\");\ncy.visit(urlMH + \"games?platform=%5B%22ios%22%5D\");\n(0, _MavisHubBrowsePage.verifyResult)();",
              "err": {},
              "uuid": "7e7d6a6f-301a-4a8d-92b7-30318daeeb35",
              "parentUUID": "d809466a-cd97-4b2b-8687-ff6f2535611f",
              "isHook": false,
              "skipped": true
            },
            {
              "title": "Filter Game With Platform: WEB",
              "fullTitle": "Mavis Hub Browse Page Filter Game With Platform: WEB",
              "timedOut": null,
              "duration": 0,
              "state": "skipped",
              "speed": null,
              "pass": false,
              "fail": false,
              "pending": false,
              "context": null,
              "code": "mhBrowsePage.checkBoxPlatformWeb.click({\n  force: true,\n  waitForAnimations: true,\n  wait: 5000\n}).should(\"be.checked\");\ncy.url().should(\"include\", \"/games?platform=%5B%22web%22%5D\");\ncy.visit(urlMH + \"games?platform=%5B%22web%22%5D\");\n(0, _MavisHubBrowsePage.verifyResult)();",
              "err": {},
              "uuid": "49d1dbc3-638a-48d8-b3f6-7d3dd0b88f6b",
              "parentUUID": "d809466a-cd97-4b2b-8687-ff6f2535611f",
              "isHook": false,
              "skipped": true
            }
          ],
          "suites": [],
          "passes": [
            "2cd40545-c942-4b52-a725-a9353bf96434"
          ],
          "failures": [
            "184b4099-91dd-4ebf-89cf-12a8503c5d86",
            "a18dd441-3fad-4f42-b65d-64e172a13594",
            "6fbee5e9-0f0a-4fe9-a8dd-dc3386cea24a",
            "3acc6acd-7d85-4ba3-8891-7ccf388015b4",
            "03c84f01-8a6b-4c94-a393-852d61f019bc",
            "5624d6f9-a19d-47ec-b89d-90e965457610",
            "7319d90a-e99a-4d55-b8fe-58c2399eb89f",
            "dedb547e-3e98-48cd-a0f0-ebe10a40c14b"
          ],
          "pending": [],
          "skipped": [
            "a96b66a1-edd9-4491-995f-a0cbe277a423",
            "d0d5cd09-d956-427f-aa92-e7db81a8623d",
            "0534dffa-0373-4885-a7ce-f0b9fbe4ff60",
            "055e000e-5352-4527-9c35-1c5f1c0eee4f",
            "6ab22303-0c3e-465f-a995-937e76ae0967",
            "7a3dcc7f-2eb5-4612-a4bf-1b52935f4089",
            "a70b08f9-a3d3-45d5-a520-9b9d047c7940",
            "3beebdc3-b29b-4419-a8ca-77db0695d529",
            "75c45922-78fd-4587-b9e8-c48dbb0fed8d",
            "252b5ff9-94ca-42f2-82b1-2d69fa4e1bee",
            "a32076dc-42b3-4b1e-8659-81806979eff8",
            "e6e11d0e-7378-444b-984c-b572bec1118e",
            "e4593681-3414-4fad-aa23-52e6f391545c",
            "7e7d6a6f-301a-4a8d-92b7-30318daeeb35",
            "49d1dbc3-638a-48d8-b3f6-7d3dd0b88f6b"
          ],
          "duration": 62807,
          "root": false,
          "rootEmpty": false,
          "_timeout": 2000
        }
      ],
      "passes": [],
      "failures": [],
      "pending": [],
      "skipped": [],
      "duration": 0,
      "root": true,
      "rootEmpty": true,
      "_timeout": 2000
    }
  ],
  "meta": {
    "mocha": {
      "version": "7.0.1"
    },
    "mochawesome": {
      "options": {
        "quiet": false,
        "reportFilename": "mochawesome",
        "saveHtml": false,
        "saveJson": true,
        "consoleReporter": "spec",
        "useInlineDiffs": false,
        "code": true
      },
      "version": "7.1.3"
    },
    "marge": {
      "options": {
        "charts": true,
        "reportPageTitle": "Mavis Hub",
        "embeddedScreenshots": true,
        "inlineAssets": false,
        "saveAllAttempts": true,
        "autoOpen": true,
        "overwrite": false,
        "html": false,
        "json": true,
        "reportDir": "cypress/reports/html/.jsons"
      },
      "version": "6.2.0"
    }
  }
}